<?xml version="1.0" encoding="UTF-8"?><testng-results failed="1" passed="0" skipped="0" total="1">
<suite duration-ms="85414" name="cucumber.runtime.formatter.TestNGFormatter">
<test duration-ms="85414" name="cucumber.runtime.formatter.TestNGFormatter">
<class name="bootcamp tests">
<test-method duration-ms="85414" finished-at="2021-11-21T22:51:45Z" name="TaskFour" started-at="2021-11-21T22:51:45Z" status="FAIL">
<exception class="org.openqa.selenium.ScriptTimeoutException">
<message><![CDATA[* I navigate to bestbuy.com.................................................passed
* Country select to United States...........................................passed
* I close pop-up............................................................passed
* Window Maximize...........................................................passed
* I click Menu Button.......................................................passed
* I select in menu product type Audio.......................................passed
* I select in menu product type Headphones..................................passed
* I select product type inside type Wireless Headphones.....................passed
* I click Show more brands..................................................passed
* I select to panel in Philips..............................................failed
* I click to show results...................................................skipped
* I select rank to 2 product................................................skipped
* I click SAVE button.......................................................skipped
* I click Saved Items button................................................skipped
* Verify saved list.........................................................skipped
* I wait for 5 seconds......................................................skipped
]]></message>
<full-stacktrace><![CDATA[org.openqa.selenium.ScriptTimeoutException: java.net.ConnectException: Connection refused: /172.23.0.3:5555
Build info: version: '3.141.59', revision: 'e82be7d358', time: '2018-11-14T08:17:03'
System info: host: 'DESKTOP-KHES326', ip: '192.168.1.101', os.name: 'Windows 10', os.arch: 'amd64', os.version: '10.0', java.version: '11.0.12'
Driver info: org.openqa.selenium.remote.RemoteWebDriver
Capabilities {acceptInsecureCerts: false, browserName: chrome, browserVersion: 93.0.4577.63, chrome: {chromedriverVersion: 93.0.4577.15 (660fc11082ba5..., userDataDir: /tmp/.com.google.Chrome.LKeLuN}, goog:chromeOptions: {debuggerAddress: localhost:34611}, javascriptEnabled: true, networkConnectionEnabled: false, pageLoadStrategy: normal, platform: LINUX, platformName: LINUX, proxy: Proxy(), se:cdp: ws://172.23.0.3:5555/sessio..., se:cdpVersion: 93.0.4577.63, se:vnc: ws://172.23.0.3:5555/sessio..., se:vncEnabled: true, se:vncLocalAddress: ws://localhost:7900/websockify, setWindowRect: true, strictFileInteractability: false, timeouts: {implicit: 0, pageLoad: 300000, script: 30000}, unhandledPromptBehavior: dismiss and notify, webauthn:extension:credBlob: true, webauthn:extension:largeBlob: true, webauthn:virtualAuthenticators: true}
Session ID: 3bf7128a0e3112cb94ddeeb3864f0c0f
	at java.base/jdk.internal.reflect.NativeConstructorAccessorImpl.newInstance0(Native Method)
	at java.base/jdk.internal.reflect.NativeConstructorAccessorImpl.newInstance(NativeConstructorAccessorImpl.java:62)
	at java.base/jdk.internal.reflect.DelegatingConstructorAccessorImpl.newInstance(DelegatingConstructorAccessorImpl.java:45)
	at java.base/java.lang.reflect.Constructor.newInstance(Constructor.java:490)
	at org.openqa.selenium.remote.http.W3CHttpResponseCodec.createException(W3CHttpResponseCodec.java:187)
	at org.openqa.selenium.remote.http.W3CHttpResponseCodec.decode(W3CHttpResponseCodec.java:122)
	at org.openqa.selenium.remote.http.W3CHttpResponseCodec.decode(W3CHttpResponseCodec.java:49)
	at org.openqa.selenium.remote.HttpCommandExecutor.execute(HttpCommandExecutor.java:158)
	at org.openqa.selenium.remote.RemoteWebDriver.execute(RemoteWebDriver.java:545)
	at org.openqa.selenium.remote.RemoteWebElement.execute(RemoteWebElement.java:279)
	at org.openqa.selenium.remote.RemoteWebElement.getText(RemoteWebElement.java:160)
	at utils.Utilities.textLoopClick(Utilities.java:142)
	at steps.SearchPageSteps.panelSelect(SearchPageSteps.java:16)
	at âœ½.I select to panel in Philips(file:/C:/Users/beyaz/Documents/GitHub/kloiaCaseUI/src/test/resources/features/WebCase.feature:52)
]]></full-stacktrace>
</exception>
</test-method>
</class>
</test>
</suite>
</testng-results>
